[Mon May 13 19:20:24.200340 2024] [mpm_winnt:notice] [pid 25768:tid 432] AH00455: Apache/2.4.58 (Win64) PHP/8.3.0 configured -- resuming normal operations
[Mon May 13 19:20:24.200340 2024] [mpm_winnt:notice] [pid 25768:tid 432] AH00456: Apache Lounge VS17 Server built: Oct 18 2023 13:03:18
[Mon May 13 19:20:24.200340 2024] [core:notice] [pid 25768:tid 432] AH00094: Command line: 'C:\\TavernlightInterview\\UniServerZ\\core\\apache2\\bin\\httpd_z.exe -d C:/TavernlightInterview/UniServerZ/core/apache2 -f C:\\TavernlightInterview\\UniServerZ\\core\\apache2\\conf\\httpd.conf -d C:\\TavernlightInterview\\UniServerZ\\core\\apache2'
[Mon May 13 19:20:24.203343 2024] [mpm_winnt:notice] [pid 25768:tid 432] AH00418: Parent: Created child process 15116
[Mon May 13 19:20:24.449567 2024] [mpm_winnt:notice] [pid 15116:tid 428] AH00354: Child: Starting 150 worker threads.
[Mon May 13 19:22:34.423277 2024] [php:error] [pid 15116:tid 1756] [client ::1:64147] PHP Fatal error:  Uncaught mysqli_sql_exception: Access denied for user 'tfs13'@'localhost' (using password: YES) in C:\\TavernlightInterview\\UniServerZ\\www\\ZnoteAAC-2.0-alpha\\engine\\database\\connect.php:35\nStack trace:\n#0 C:\\TavernlightInterview\\UniServerZ\\www\\ZnoteAAC-2.0-alpha\\engine\\database\\connect.php(35): mysqli->__construct()\n#1 C:\\TavernlightInterview\\UniServerZ\\www\\ZnoteAAC-2.0-alpha\\engine\\init.php(40): require_once('...')\n#2 C:\\TavernlightInterview\\UniServerZ\\www\\ZnoteAAC-2.0-alpha\\index.php(2): require_once('...')\n#3 {main}\n  thrown in C:\\TavernlightInterview\\UniServerZ\\www\\ZnoteAAC-2.0-alpha\\engine\\database\\connect.php on line 35, referer: http://localhost/
[Mon May 13 19:23:46.792307 2024] [php:error] [pid 15116:tid 1788] [client ::1:64167] PHP Fatal error:  Uncaught mysqli_sql_exception: Table 'testdb.znote_news' doesn't exist in C:\\TavernlightInterview\\UniServerZ\\www\\ZnoteAAC-2.0-alpha\\engine\\database\\connect.php:67\nStack trace:\n#0 C:\\TavernlightInterview\\UniServerZ\\www\\ZnoteAAC-2.0-alpha\\engine\\database\\connect.php(67): mysqli_query()\n#1 C:\\TavernlightInterview\\UniServerZ\\www\\ZnoteAAC-2.0-alpha\\engine\\function\\users.php(146): mysql_select_multi()\n#2 C:\\TavernlightInterview\\UniServerZ\\www\\ZnoteAAC-2.0-alpha\\layout\\sub\\index.php(35): fetchAllNews()\n#3 C:\\TavernlightInterview\\UniServerZ\\www\\ZnoteAAC-2.0-alpha\\index.php(11): include('...')\n#4 {main}\n  thrown in C:\\TavernlightInterview\\UniServerZ\\www\\ZnoteAAC-2.0-alpha\\engine\\database\\connect.php on line 67, referer: http://localhost/
[Mon May 13 19:48:11.933447 2024] [core:warn] [pid 8784:tid 428] AH00098: pid file C:/TavernlightInterview/UniServerZ/core/apache2/logs/httpd.pid overwritten -- Unclean shutdown of previous Apache run?
[Mon May 13 19:48:11.953465 2024] [mpm_winnt:notice] [pid 8784:tid 428] AH00455: Apache/2.4.58 (Win64) PHP/8.3.0 configured -- resuming normal operations
[Mon May 13 19:48:11.953465 2024] [mpm_winnt:notice] [pid 8784:tid 428] AH00456: Apache Lounge VS17 Server built: Oct 18 2023 13:03:18
[Mon May 13 19:48:11.953465 2024] [core:notice] [pid 8784:tid 428] AH00094: Command line: 'C:\\TavernlightInterview\\UniServerZ\\core\\apache2\\bin\\httpd_z.exe -d C:/TavernlightInterview/UniServerZ/core/apache2 -f C:\\TavernlightInterview\\UniServerZ\\core\\apache2\\conf\\httpd.conf -d C:\\TavernlightInterview\\UniServerZ\\core\\apache2'
[Mon May 13 19:48:11.956468 2024] [mpm_winnt:notice] [pid 8784:tid 428] AH00418: Parent: Created child process 11796
[Mon May 13 19:48:12.205619 2024] [mpm_winnt:notice] [pid 11796:tid 436] AH00354: Child: Starting 150 worker threads.
[Tue May 14 13:59:26.092793 2024] [core:warn] [pid 19264:tid 424] AH00098: pid file C:/TavernlightInterview/UniServerZ/core/apache2/logs/httpd.pid overwritten -- Unclean shutdown of previous Apache run?
[Tue May 14 13:59:26.237926 2024] [mpm_winnt:notice] [pid 19264:tid 424] AH00455: Apache/2.4.58 (Win64) PHP/8.3.0 configured -- resuming normal operations
[Tue May 14 13:59:26.237926 2024] [mpm_winnt:notice] [pid 19264:tid 424] AH00456: Apache Lounge VS17 Server built: Oct 18 2023 13:03:18
[Tue May 14 13:59:26.237926 2024] [core:notice] [pid 19264:tid 424] AH00094: Command line: 'C:\\TavernlightInterview\\UniServerZ\\core\\apache2\\bin\\httpd_z.exe -d C:/TavernlightInterview/UniServerZ/core/apache2 -f C:\\TavernlightInterview\\UniServerZ\\core\\apache2\\conf\\httpd.conf -d C:\\TavernlightInterview\\UniServerZ\\core\\apache2'
[Tue May 14 13:59:26.240929 2024] [mpm_winnt:notice] [pid 19264:tid 424] AH00418: Parent: Created child process 22020
[Tue May 14 13:59:26.510173 2024] [mpm_winnt:notice] [pid 22020:tid 432] AH00354: Child: Starting 150 worker threads.
[Tue May 14 14:42:19.710187 2024] [core:warn] [pid 15492:tid 508] AH00098: pid file C:/TavernlightInterview/TLIProj/UniServerZ/core/apache2/logs/httpd.pid overwritten -- Unclean shutdown of previous Apache run?
[Tue May 14 14:42:19.736210 2024] [mpm_winnt:notice] [pid 15492:tid 508] AH00455: Apache/2.4.58 (Win64) PHP/8.3.0 configured -- resuming normal operations
[Tue May 14 14:42:19.736210 2024] [mpm_winnt:notice] [pid 15492:tid 508] AH00456: Apache Lounge VS17 Server built: Oct 18 2023 13:03:18
[Tue May 14 14:42:19.736210 2024] [core:notice] [pid 15492:tid 508] AH00094: Command line: 'C:\\TavernlightInterview\\TLIProj\\UniServerZ\\core\\apache2\\bin\\httpd_z.exe -d C:/TavernlightInterview/TLIProj/UniServerZ/core/apache2 -f C:\\TavernlightInterview\\TLIProj\\UniServerZ\\core\\apache2\\conf\\httpd.conf -d C:\\TavernlightInterview\\TLIProj\\UniServerZ\\core\\apache2'
[Tue May 14 14:42:19.740214 2024] [mpm_winnt:notice] [pid 15492:tid 508] AH00418: Parent: Created child process 22652
[Tue May 14 14:42:20.077307 2024] [mpm_winnt:notice] [pid 22652:tid 516] AH00354: Child: Starting 150 worker threads.
